{
  "Cucumber Features": {
    "coverage": {
      "/home/ubuntu/workspace/TeamRoot_CyberSecurityProject/doc_search/app/controllers/documents_controller.rb": [
        1,
        1,
        1,
        null,
        null,
        null,
        1,
        7,
        7,
        7,
        null,
        null,
        null,
        null,
        1,
        null,
        null,
        null,
        1,
        10,
        null,
        null,
        null,
        1,
        null,
        null,
        null,
        null,
        1,
        null,
        5,
        5,
        5,
        2,
        2,
        null,
        2,
        2,
        3,
        1,
        1,
        null,
        1,
        1,
        1,
        null,
        5,
        5,
        5,
        6,
        3,
        null,
        4,
        2,
        null,
        null,
        null,
        null,
        null,
        null,
        1,
        1,
        1,
        2,
        1,
        null,
        0,
        0,
        null,
        null,
        null,
        null,
        null,
        null,
        1,
        0,
        0,
        0,
        0,
        null,
        null,
        null,
        1,
        null,
        1,
        6,
        null,
        null,
        null,
        1,
        11,
        null,
        null
      ],
      "/home/ubuntu/workspace/TeamRoot_CyberSecurityProject/doc_search/app/controllers/application_controller.rb": [
        1,
        null,
        null,
        1,
        null
      ],
      "/home/ubuntu/workspace/TeamRoot_CyberSecurityProject/doc_search/app/helpers/application_helper.rb": [
        1,
        null
      ],
      "/home/ubuntu/workspace/TeamRoot_CyberSecurityProject/doc_search/app/helpers/documents_helper.rb": [
        1,
        null
      ],
      "/home/ubuntu/workspace/TeamRoot_CyberSecurityProject/doc_search/app/helpers/search_helper.rb": [
        1,
        null
      ],
      "/home/ubuntu/workspace/TeamRoot_CyberSecurityProject/doc_search/app/models/document.rb": [
        1,
        null,
        1,
        1,
        1,
        null,
        1,
        0,
        null,
        null,
        1,
        1,
        1,
        1,
        1,
        1,
        1,
        1,
        1,
        null,
        1,
        4,
        4,
        4,
        4,
        null,
        null,
        8,
        4,
        null,
        null,
        null,
        1,
        11,
        null,
        null,
        1,
        11,
        null,
        null,
        1,
        11,
        null,
        null,
        1,
        1,
        null,
        null,
        null,
        null,
        null,
        null,
        null,
        null,
        null,
        null,
        null,
        null,
        null,
        null,
        null,
        null,
        null,
        null,
        null,
        1,
        null,
        0,
        null,
        0,
        0,
        0,
        0,
        null,
        0,
        null,
        null,
        0,
        null,
        0,
        0,
        null,
        0,
        null,
        null,
        0,
        0,
        null,
        0,
        null,
        null,
        null,
        null,
        null,
        null,
        null,
        null,
        null,
        null,
        null,
        null,
        null,
        null,
        null,
        null,
        null,
        null,
        null,
        null,
        null,
        null,
        null,
        null,
        null,
        null,
        null,
        null,
        null,
        1,
        0,
        null,
        null,
        null,
        null,
        null,
        null,
        null,
        null,
        null,
        null,
        null,
        null,
        null,
        null,
        null,
        null,
        null,
        null,
        null,
        null,
        null,
        null,
        null,
        null,
        null,
        null,
        1,
        0,
        null,
        null,
        null,
        null,
        null,
        null,
        null,
        null,
        null,
        null,
        null,
        null,
        null,
        null,
        null,
        null,
        null,
        null,
        null,
        null,
        null,
        null,
        null,
        null,
        null,
        null,
        1,
        0,
        null,
        null,
        null,
        null,
        null,
        null,
        null,
        null,
        null,
        null,
        null,
        null,
        null,
        null,
        null,
        null,
        null,
        null,
        null,
        null,
        null,
        null,
        null,
        null,
        null,
        null,
        1,
        0,
        null,
        null,
        null,
        null,
        null,
        null,
        null,
        null,
        null,
        null,
        null,
        null,
        null,
        null,
        null,
        null,
        null,
        null,
        null,
        null,
        null,
        null,
        null,
        null,
        null,
        null,
        null,
        1,
        0,
        null,
        null,
        null,
        null,
        null,
        null,
        null,
        null,
        null,
        null,
        null,
        null,
        null,
        null,
        null,
        null,
        null,
        null,
        null,
        null,
        null,
        null,
        null,
        null,
        null,
        null,
        null,
        1,
        0,
        null,
        null,
        null,
        null,
        null,
        null,
        null,
        null,
        null,
        null,
        null,
        null,
        null,
        null,
        null,
        null,
        null,
        null,
        null,
        null,
        null,
        null,
        null,
        null,
        null,
        null,
        null,
        1,
        1,
        1,
        1,
        1,
        null,
        null,
        1,
        1,
        1,
        null,
        null,
        1,
        1,
        1,
        null,
        null,
        1,
        1,
        1,
        null,
        null,
        1,
        null,
        null,
        null,
        null,
        null,
        1,
        null,
        null,
        1,
        null,
        null,
        null,
        null,
        1,
        null,
        1
      ],
      "/home/ubuntu/workspace/TeamRoot_CyberSecurityProject/doc_search/app/controllers/search_controller.rb": [
        1,
        null,
        1,
        4,
        4,
        4,
        null,
        4,
        3,
        3,
        null,
        1,
        1,
        1,
        null,
        1,
        1,
        1,
        null,
        1,
        0,
        null,
        1,
        null,
        null,
        1,
        1,
        null,
        null,
        null,
        null
      ]
    },
    "timestamp": 1480972094
  },
  "RSpec": {
    "coverage": {
      "/home/ubuntu/workspace/doc_search/app/helpers/application_helper.rb": [
        1,
        null
      ],
      "/home/ubuntu/workspace/doc_search/app/helpers/documents_helper.rb": [
        1,
        null
      ],
      "/home/ubuntu/workspace/doc_search/app/helpers/search_helper.rb": [
        1,
        null
      ],
      "/home/ubuntu/workspace/doc_search/app/controllers/documents_controller.rb": [
        1,
        1,
        1,
        null,
        null,
        null,
        1,
        null,
        null,
        null,
        null,
        null,
        1,
        null,
        null,
        null,
        1,
        1,
        null,
        null,
        null,
        1,
        null,
        null,
        null,
        null,
        1,
        null,
        0,
        0,
        0,
        0,
        0,
        null,
        0,
        0,
        0,
        0,
        0,
        null,
        0,
        0,
        0,
        null,
        0,
        0,
        0,
        0,
        0,
        null,
        0,
        0,
        null,
        null,
        null,
        null,
        null,
        null,
        1,
        0,
        0,
        0,
        0,
        null,
        0,
        0,
        null,
        null,
        null,
        null,
        null,
        null,
        1,
        0,
        0,
        0,
        0,
        null,
        null,
        null,
        1,
        null,
        1,
        0,
        null,
        null,
        null,
        1,
        0,
        null,
        null
      ],
      "/home/ubuntu/workspace/doc_search/app/controllers/application_controller.rb": [
        1,
        null,
        null,
        1,
        null
      ],
      "/home/ubuntu/workspace/doc_search/app/controllers/search_controller.rb": [
        1,
        null,
        1,
        0,
        0,
        null,
        0,
        null,
        null,
        null,
        null
      ],
      "/home/ubuntu/workspace/doc_search/app/models/document.rb": [
        1,
        null,
        1,
        1,
        1,
        null,
        1,
        4,
        4,
        4,
        4,
        null,
        null,
        8,
        4,
        null,
        null,
        null,
        1,
        0,
        null,
        null,
        null,
        null,
        null,
        null,
        null,
        null,
        null,
        null,
        null,
        null,
        null,
        null,
        null,
        null,
        null,
        null,
        null,
        null,
        null,
        null,
        null,
        null,
        null,
        null,
        null,
        null,
        null,
        1,
        1,
        1,
        1,
        1,
        1,
        1,
        null,
        null,
        null,
        null,
        null,
        1,
        null,
        null,
        1,
        null,
        null,
        null,
        null,
        1,
        null,
        1
      ]
    },
    "timestamp": 1480728034
  }
}
